<?xml version="1.0" encoding="UTF-8"?>
<testsuite name="com.eaglebank.repository.AccountRepositoryTest" tests="7" skipped="0" failures="0" errors="0" timestamp="2025-07-18T04:52:49.637Z" hostname="Mac" time="1.082">
  <properties/>
  <testcase name="update modifies account fields()" classname="com.eaglebank.repository.AccountRepositoryTest" time="0.017"/>
  <testcase name="findByAccountNumber returns null for missing account()" classname="com.eaglebank.repository.AccountRepositoryTest" time="0.006"/>
  <testcase name="creating an account for a nonexistent user should fail()" classname="com.eaglebank.repository.AccountRepositoryTest" time="0.01"/>
  <testcase name="user can have multiple accounts()" classname="com.eaglebank.repository.AccountRepositoryTest" time="0.009"/>
  <testcase name="can create and fetch account()" classname="com.eaglebank.repository.AccountRepositoryTest" time="0.009"/>
  <testcase name="delete removes the account()" classname="com.eaglebank.repository.AccountRepositoryTest" time="0.007"/>
  <testcase name="creating two accounts with same account number should fail()" classname="com.eaglebank.repository.AccountRepositoryTest" time="0.007"/>
  <system-out><![CDATA[2025-07-18T05:52:49.632+01:00  INFO 41804 --- [eaglebank] [    Test worker] t.c.s.AnnotationConfigContextLoaderUtils : Could not detect default configuration classes for test class [com.eaglebank.repository.AccountRepositoryTest]: AccountRepositoryTest does not declare any static, non-private, non-final, nested classes annotated with @Configuration.
2025-07-18T05:52:49.636+01:00  INFO 41804 --- [eaglebank] [    Test worker] .b.t.c.SpringBootTestContextBootstrapper : Found @SpringBootConfiguration com.eaglebank.EaglebankApplication for test class com.eaglebank.repository.AccountRepositoryTest
2025-07-18T05:52:49.654+01:00  INFO 41804 --- [eaglebank] [    Test worker] com.zaxxer.hikari.HikariDataSource       : HikariPool-1 - Shutdown initiated...
2025-07-18T05:52:49.655+01:00  INFO 41804 --- [eaglebank] [    Test worker] com.zaxxer.hikari.HikariDataSource       : HikariPool-1 - Shutdown completed.

  .   ____          _            __ _ _
 /\\ / ___'_ __ _ _(_)_ __  __ _ \ \ \ \
( ( )\___ | '_ | '_| | '_ \/ _` | \ \ \ \
 \\/  ___)| |_)| | | | | || (_| |  ) ) ) )
  '  |____| .__|_| |_|_| |_\__, | / / / /
 =========|_|==============|___/=/_/_/_/

 :: Spring Boot ::                (v3.5.3)

2025-07-18T05:52:49.663+01:00  INFO 41804 --- [eaglebank] [    Test worker] c.e.repository.AccountRepositoryTest     : Starting AccountRepositoryTest using Java 17.0.15 with PID 41804 (started by lucianmot in /Users/lucianmot/Desktop/projects/Eagle_bank)
2025-07-18T05:52:49.663+01:00  INFO 41804 --- [eaglebank] [    Test worker] c.e.repository.AccountRepositoryTest     : No active profile set, falling back to 1 default profile: "default"
2025-07-18T05:52:49.730+01:00  INFO 41804 --- [eaglebank] [    Test worker] .s.d.r.c.RepositoryConfigurationDelegate : Bootstrapping Spring Data JDBC repositories in DEFAULT mode.
2025-07-18T05:52:49.735+01:00  INFO 41804 --- [eaglebank] [    Test worker] .s.d.r.c.RepositoryConfigurationDelegate : Finished Spring Data repository scanning in 4 ms. Found 0 JDBC repository interfaces.
2025-07-18T05:52:49.760+01:00  INFO 41804 --- [eaglebank] [    Test worker] com.zaxxer.hikari.HikariDataSource       : HikariPool-3 - Starting...
2025-07-18T05:52:49.772+01:00  INFO 41804 --- [eaglebank] [    Test worker] com.zaxxer.hikari.pool.HikariPool        : HikariPool-3 - Added connection org.postgresql.jdbc.PgConnection@20f1c8ed
2025-07-18T05:52:49.773+01:00  INFO 41804 --- [eaglebank] [    Test worker] com.zaxxer.hikari.HikariDataSource       : HikariPool-3 - Start completed.
2025-07-18T05:52:49.773+01:00  INFO 41804 --- [eaglebank] [    Test worker] org.flywaydb.core.FlywayExecutor         : Database: jdbc:postgresql://localhost:5432/eaglebank (PostgreSQL 16.9)
2025-07-18T05:52:49.783+01:00  INFO 41804 --- [eaglebank] [    Test worker] o.f.core.internal.command.DbValidate     : Successfully validated 1 migration (execution time 00:00.003s)
2025-07-18T05:52:49.797+01:00  INFO 41804 --- [eaglebank] [    Test worker] o.f.core.internal.command.DbMigrate      : Current version of schema "public": 1
2025-07-18T05:52:49.797+01:00  INFO 41804 --- [eaglebank] [    Test worker] o.f.core.internal.command.DbMigrate      : Schema "public" is up to date. No migration necessary.
2025-07-18T05:52:49.848+01:00  INFO 41804 --- [eaglebank] [    Test worker] c.e.repository.AccountRepositoryTest     : Started AccountRepositoryTest in 0.192 seconds (process running for 4.075)
2025-07-18T05:52:49.855+01:00  INFO 41804 --- [eaglebank] [    Test worker] com.zaxxer.hikari.HikariDataSource       : HikariPool-3 - Shutdown initiated...
2025-07-18T05:52:49.855+01:00  INFO 41804 --- [eaglebank] [    Test worker] com.zaxxer.hikari.HikariDataSource       : HikariPool-3 - Shutdown completed.

  .   ____          _            __ _ _
 /\\ / ___'_ __ _ _(_)_ __  __ _ \ \ \ \
( ( )\___ | '_ | '_| | '_ \/ _` | \ \ \ \
 \\/  ___)| |_)| | | | | || (_| |  ) ) ) )
  '  |____| .__|_| |_|_| |_\__, | / / / /
 =========|_|==============|___/=/_/_/_/

 :: Spring Boot ::                (v3.5.3)

2025-07-18T05:52:49.863+01:00  INFO 41804 --- [eaglebank] [    Test worker] c.e.repository.AccountRepositoryTest     : Starting AccountRepositoryTest using Java 17.0.15 with PID 41804 (started by lucianmot in /Users/lucianmot/Desktop/projects/Eagle_bank)
2025-07-18T05:52:49.863+01:00  INFO 41804 --- [eaglebank] [    Test worker] c.e.repository.AccountRepositoryTest     : No active profile set, falling back to 1 default profile: "default"
2025-07-18T05:52:49.917+01:00  INFO 41804 --- [eaglebank] [    Test worker] .s.d.r.c.RepositoryConfigurationDelegate : Bootstrapping Spring Data JDBC repositories in DEFAULT mode.
2025-07-18T05:52:49.922+01:00  INFO 41804 --- [eaglebank] [    Test worker] .s.d.r.c.RepositoryConfigurationDelegate : Finished Spring Data repository scanning in 3 ms. Found 0 JDBC repository interfaces.
2025-07-18T05:52:49.950+01:00  INFO 41804 --- [eaglebank] [    Test worker] com.zaxxer.hikari.HikariDataSource       : HikariPool-4 - Starting...
2025-07-18T05:52:49.960+01:00  INFO 41804 --- [eaglebank] [    Test worker] com.zaxxer.hikari.pool.HikariPool        : HikariPool-4 - Added connection org.postgresql.jdbc.PgConnection@c3acda3
2025-07-18T05:52:49.961+01:00  INFO 41804 --- [eaglebank] [    Test worker] com.zaxxer.hikari.HikariDataSource       : HikariPool-4 - Start completed.
2025-07-18T05:52:49.962+01:00  INFO 41804 --- [eaglebank] [    Test worker] org.flywaydb.core.FlywayExecutor         : Database: jdbc:postgresql://localhost:5432/eaglebank (PostgreSQL 16.9)
2025-07-18T05:52:49.973+01:00  INFO 41804 --- [eaglebank] [    Test worker] o.f.core.internal.command.DbValidate     : Successfully validated 1 migration (execution time 00:00.003s)
2025-07-18T05:52:49.993+01:00  INFO 41804 --- [eaglebank] [    Test worker] o.f.core.internal.command.DbMigrate      : Current version of schema "public": 1
2025-07-18T05:52:49.993+01:00  INFO 41804 --- [eaglebank] [    Test worker] o.f.core.internal.command.DbMigrate      : Schema "public" is up to date. No migration necessary.
2025-07-18T05:52:50.045+01:00  INFO 41804 --- [eaglebank] [    Test worker] c.e.repository.AccountRepositoryTest     : Started AccountRepositoryTest in 0.189 seconds (process running for 4.272)
2025-07-18T05:52:50.055+01:00  INFO 41804 --- [eaglebank] [    Test worker] com.zaxxer.hikari.HikariDataSource       : HikariPool-4 - Shutdown initiated...
2025-07-18T05:52:50.055+01:00  INFO 41804 --- [eaglebank] [    Test worker] com.zaxxer.hikari.HikariDataSource       : HikariPool-4 - Shutdown completed.

  .   ____          _            __ _ _
 /\\ / ___'_ __ _ _(_)_ __  __ _ \ \ \ \
( ( )\___ | '_ | '_| | '_ \/ _` | \ \ \ \
 \\/  ___)| |_)| | | | | || (_| |  ) ) ) )
  '  |____| .__|_| |_|_| |_\__, | / / / /
 =========|_|==============|___/=/_/_/_/

 :: Spring Boot ::                (v3.5.3)

2025-07-18T05:52:50.063+01:00  INFO 41804 --- [eaglebank] [    Test worker] c.e.repository.AccountRepositoryTest     : Starting AccountRepositoryTest using Java 17.0.15 with PID 41804 (started by lucianmot in /Users/lucianmot/Desktop/projects/Eagle_bank)
2025-07-18T05:52:50.063+01:00  INFO 41804 --- [eaglebank] [    Test worker] c.e.repository.AccountRepositoryTest     : No active profile set, falling back to 1 default profile: "default"
2025-07-18T05:52:50.106+01:00  INFO 41804 --- [eaglebank] [    Test worker] .s.d.r.c.RepositoryConfigurationDelegate : Bootstrapping Spring Data JDBC repositories in DEFAULT mode.
2025-07-18T05:52:50.110+01:00  INFO 41804 --- [eaglebank] [    Test worker] .s.d.r.c.RepositoryConfigurationDelegate : Finished Spring Data repository scanning in 3 ms. Found 0 JDBC repository interfaces.
2025-07-18T05:52:50.131+01:00  INFO 41804 --- [eaglebank] [    Test worker] com.zaxxer.hikari.HikariDataSource       : HikariPool-5 - Starting...
2025-07-18T05:52:50.142+01:00  INFO 41804 --- [eaglebank] [    Test worker] com.zaxxer.hikari.pool.HikariPool        : HikariPool-5 - Added connection org.postgresql.jdbc.PgConnection@3631667d
2025-07-18T05:52:50.142+01:00  INFO 41804 --- [eaglebank] [    Test worker] com.zaxxer.hikari.HikariDataSource       : HikariPool-5 - Start completed.
2025-07-18T05:52:50.143+01:00  INFO 41804 --- [eaglebank] [    Test worker] org.flywaydb.core.FlywayExecutor         : Database: jdbc:postgresql://localhost:5432/eaglebank (PostgreSQL 16.9)
2025-07-18T05:52:50.153+01:00  INFO 41804 --- [eaglebank] [    Test worker] o.f.core.internal.command.DbValidate     : Successfully validated 1 migration (execution time 00:00.003s)
2025-07-18T05:52:50.168+01:00  INFO 41804 --- [eaglebank] [    Test worker] o.f.core.internal.command.DbMigrate      : Current version of schema "public": 1
2025-07-18T05:52:50.169+01:00  INFO 41804 --- [eaglebank] [    Test worker] o.f.core.internal.command.DbMigrate      : Schema "public" is up to date. No migration necessary.
2025-07-18T05:52:50.215+01:00  INFO 41804 --- [eaglebank] [    Test worker] c.e.repository.AccountRepositoryTest     : Started AccountRepositoryTest in 0.159 seconds (process running for 4.443)
2025-07-18T05:52:50.225+01:00  INFO 41804 --- [eaglebank] [    Test worker] com.zaxxer.hikari.HikariDataSource       : HikariPool-5 - Shutdown initiated...
2025-07-18T05:52:50.225+01:00  INFO 41804 --- [eaglebank] [    Test worker] com.zaxxer.hikari.HikariDataSource       : HikariPool-5 - Shutdown completed.

  .   ____          _            __ _ _
 /\\ / ___'_ __ _ _(_)_ __  __ _ \ \ \ \
( ( )\___ | '_ | '_| | '_ \/ _` | \ \ \ \
 \\/  ___)| |_)| | | | | || (_| |  ) ) ) )
  '  |____| .__|_| |_|_| |_\__, | / / / /
 =========|_|==============|___/=/_/_/_/

 :: Spring Boot ::                (v3.5.3)

2025-07-18T05:52:50.232+01:00  INFO 41804 --- [eaglebank] [    Test worker] c.e.repository.AccountRepositoryTest     : Starting AccountRepositoryTest using Java 17.0.15 with PID 41804 (started by lucianmot in /Users/lucianmot/Desktop/projects/Eagle_bank)
2025-07-18T05:52:50.232+01:00  INFO 41804 --- [eaglebank] [    Test worker] c.e.repository.AccountRepositoryTest     : No active profile set, falling back to 1 default profile: "default"
2025-07-18T05:52:50.270+01:00  INFO 41804 --- [eaglebank] [    Test worker] .s.d.r.c.RepositoryConfigurationDelegate : Bootstrapping Spring Data JDBC repositories in DEFAULT mode.
2025-07-18T05:52:50.274+01:00  INFO 41804 --- [eaglebank] [    Test worker] .s.d.r.c.RepositoryConfigurationDelegate : Finished Spring Data repository scanning in 3 ms. Found 0 JDBC repository interfaces.
2025-07-18T05:52:50.296+01:00  INFO 41804 --- [eaglebank] [    Test worker] com.zaxxer.hikari.HikariDataSource       : HikariPool-6 - Starting...
2025-07-18T05:52:50.307+01:00  INFO 41804 --- [eaglebank] [    Test worker] com.zaxxer.hikari.pool.HikariPool        : HikariPool-6 - Added connection org.postgresql.jdbc.PgConnection@47cdae47
2025-07-18T05:52:50.307+01:00  INFO 41804 --- [eaglebank] [    Test worker] com.zaxxer.hikari.HikariDataSource       : HikariPool-6 - Start completed.
2025-07-18T05:52:50.308+01:00  INFO 41804 --- [eaglebank] [    Test worker] org.flywaydb.core.FlywayExecutor         : Database: jdbc:postgresql://localhost:5432/eaglebank (PostgreSQL 16.9)
2025-07-18T05:52:50.317+01:00  INFO 41804 --- [eaglebank] [    Test worker] o.f.core.internal.command.DbValidate     : Successfully validated 1 migration (execution time 00:00.002s)
2025-07-18T05:52:50.330+01:00  INFO 41804 --- [eaglebank] [    Test worker] o.f.core.internal.command.DbMigrate      : Current version of schema "public": 1
2025-07-18T05:52:50.331+01:00  INFO 41804 --- [eaglebank] [    Test worker] o.f.core.internal.command.DbMigrate      : Schema "public" is up to date. No migration necessary.
2025-07-18T05:52:50.382+01:00  INFO 41804 --- [eaglebank] [    Test worker] c.e.repository.AccountRepositoryTest     : Started AccountRepositoryTest in 0.156 seconds (process running for 4.609)
2025-07-18T05:52:50.391+01:00  INFO 41804 --- [eaglebank] [    Test worker] com.zaxxer.hikari.HikariDataSource       : HikariPool-6 - Shutdown initiated...
2025-07-18T05:52:50.391+01:00  INFO 41804 --- [eaglebank] [    Test worker] com.zaxxer.hikari.HikariDataSource       : HikariPool-6 - Shutdown completed.

  .   ____          _            __ _ _
 /\\ / ___'_ __ _ _(_)_ __  __ _ \ \ \ \
( ( )\___ | '_ | '_| | '_ \/ _` | \ \ \ \
 \\/  ___)| |_)| | | | | || (_| |  ) ) ) )
  '  |____| .__|_| |_|_| |_\__, | / / / /
 =========|_|==============|___/=/_/_/_/

 :: Spring Boot ::                (v3.5.3)

2025-07-18T05:52:50.399+01:00  INFO 41804 --- [eaglebank] [    Test worker] c.e.repository.AccountRepositoryTest     : Starting AccountRepositoryTest using Java 17.0.15 with PID 41804 (started by lucianmot in /Users/lucianmot/Desktop/projects/Eagle_bank)
2025-07-18T05:52:50.399+01:00  INFO 41804 --- [eaglebank] [    Test worker] c.e.repository.AccountRepositoryTest     : No active profile set, falling back to 1 default profile: "default"
2025-07-18T05:52:50.441+01:00  INFO 41804 --- [eaglebank] [    Test worker] .s.d.r.c.RepositoryConfigurationDelegate : Bootstrapping Spring Data JDBC repositories in DEFAULT mode.
2025-07-18T05:52:50.444+01:00  INFO 41804 --- [eaglebank] [    Test worker] .s.d.r.c.RepositoryConfigurationDelegate : Finished Spring Data repository scanning in 3 ms. Found 0 JDBC repository interfaces.
2025-07-18T05:52:50.465+01:00  INFO 41804 --- [eaglebank] [    Test worker] com.zaxxer.hikari.HikariDataSource       : HikariPool-7 - Starting...
2025-07-18T05:52:50.477+01:00  INFO 41804 --- [eaglebank] [    Test worker] com.zaxxer.hikari.pool.HikariPool        : HikariPool-7 - Added connection org.postgresql.jdbc.PgConnection@7647eff0
2025-07-18T05:52:50.477+01:00  INFO 41804 --- [eaglebank] [    Test worker] com.zaxxer.hikari.HikariDataSource       : HikariPool-7 - Start completed.
2025-07-18T05:52:50.478+01:00  INFO 41804 --- [eaglebank] [    Test worker] org.flywaydb.core.FlywayExecutor         : Database: jdbc:postgresql://localhost:5432/eaglebank (PostgreSQL 16.9)
2025-07-18T05:52:50.487+01:00  INFO 41804 --- [eaglebank] [    Test worker] o.f.core.internal.command.DbValidate     : Successfully validated 1 migration (execution time 00:00.002s)
2025-07-18T05:52:50.501+01:00  INFO 41804 --- [eaglebank] [    Test worker] o.f.core.internal.command.DbMigrate      : Current version of schema "public": 1
2025-07-18T05:52:50.501+01:00  INFO 41804 --- [eaglebank] [    Test worker] o.f.core.internal.command.DbMigrate      : Schema "public" is up to date. No migration necessary.
2025-07-18T05:52:50.542+01:00  INFO 41804 --- [eaglebank] [    Test worker] c.e.repository.AccountRepositoryTest     : Started AccountRepositoryTest in 0.15 seconds (process running for 4.769)
2025-07-18T05:52:50.548+01:00  INFO 41804 --- [eaglebank] [    Test worker] com.zaxxer.hikari.HikariDataSource       : HikariPool-7 - Shutdown initiated...
2025-07-18T05:52:50.549+01:00  INFO 41804 --- [eaglebank] [    Test worker] com.zaxxer.hikari.HikariDataSource       : HikariPool-7 - Shutdown completed.

  .   ____          _            __ _ _
 /\\ / ___'_ __ _ _(_)_ __  __ _ \ \ \ \
( ( )\___ | '_ | '_| | '_ \/ _` | \ \ \ \
 \\/  ___)| |_)| | | | | || (_| |  ) ) ) )
  '  |____| .__|_| |_|_| |_\__, | / / / /
 =========|_|==============|___/=/_/_/_/

 :: Spring Boot ::                (v3.5.3)

2025-07-18T05:52:50.556+01:00  INFO 41804 --- [eaglebank] [    Test worker] c.e.repository.AccountRepositoryTest     : Starting AccountRepositoryTest using Java 17.0.15 with PID 41804 (started by lucianmot in /Users/lucianmot/Desktop/projects/Eagle_bank)
2025-07-18T05:52:50.556+01:00  INFO 41804 --- [eaglebank] [    Test worker] c.e.repository.AccountRepositoryTest     : No active profile set, falling back to 1 default profile: "default"
2025-07-18T05:52:50.594+01:00  INFO 41804 --- [eaglebank] [    Test worker] .s.d.r.c.RepositoryConfigurationDelegate : Bootstrapping Spring Data JDBC repositories in DEFAULT mode.
2025-07-18T05:52:50.599+01:00  INFO 41804 --- [eaglebank] [    Test worker] .s.d.r.c.RepositoryConfigurationDelegate : Finished Spring Data repository scanning in 3 ms. Found 0 JDBC repository interfaces.
2025-07-18T05:52:50.625+01:00  INFO 41804 --- [eaglebank] [    Test worker] com.zaxxer.hikari.HikariDataSource       : HikariPool-8 - Starting...
2025-07-18T05:52:50.636+01:00  INFO 41804 --- [eaglebank] [    Test worker] com.zaxxer.hikari.pool.HikariPool        : HikariPool-8 - Added connection org.postgresql.jdbc.PgConnection@2c8eb04e
2025-07-18T05:52:50.636+01:00  INFO 41804 --- [eaglebank] [    Test worker] com.zaxxer.hikari.HikariDataSource       : HikariPool-8 - Start completed.
2025-07-18T05:52:50.637+01:00  INFO 41804 --- [eaglebank] [    Test worker] org.flywaydb.core.FlywayExecutor         : Database: jdbc:postgresql://localhost:5432/eaglebank (PostgreSQL 16.9)
2025-07-18T05:52:50.646+01:00  INFO 41804 --- [eaglebank] [    Test worker] o.f.core.internal.command.DbValidate     : Successfully validated 1 migration (execution time 00:00.003s)
2025-07-18T05:52:50.663+01:00  INFO 41804 --- [eaglebank] [    Test worker] o.f.core.internal.command.DbMigrate      : Current version of schema "public": 1
2025-07-18T05:52:50.663+01:00  INFO 41804 --- [eaglebank] [    Test worker] o.f.core.internal.command.DbMigrate      : Schema "public" is up to date. No migration necessary.
2025-07-18T05:52:50.713+01:00  INFO 41804 --- [eaglebank] [    Test worker] c.e.repository.AccountRepositoryTest     : Started AccountRepositoryTest in 0.163 seconds (process running for 4.94)
2025-07-18T05:52:50.720+01:00  INFO 41804 --- [eaglebank] [    Test worker] com.zaxxer.hikari.HikariDataSource       : HikariPool-8 - Shutdown initiated...
2025-07-18T05:52:50.720+01:00  INFO 41804 --- [eaglebank] [    Test worker] com.zaxxer.hikari.HikariDataSource       : HikariPool-8 - Shutdown completed.
]]></system-out>
  <system-err><![CDATA[]]></system-err>
</testsuite>
