<?xml version="1.0" encoding="UTF-8"?>
<testsuite name="com.eaglebank.EaglebankApplicationTests" tests="1" skipped="0" failures="0" errors="0" timestamp="2025-07-18T04:52:49.254Z" hostname="Mac" time="0.027">
  <properties/>
  <testcase name="contextLoads()" classname="com.eaglebank.EaglebankApplicationTests" time="0.027"/>
  <system-out><![CDATA[05:52:48.299 [Test worker] INFO org.springframework.test.context.support.AnnotationConfigContextLoaderUtils -- Could not detect default configuration classes for test class [com.eaglebank.EaglebankApplicationTests]: EaglebankApplicationTests does not declare any static, non-private, non-final, nested classes annotated with @Configuration.
05:52:48.332 [Test worker] INFO org.springframework.boot.test.context.SpringBootTestContextBootstrapper -- Found @SpringBootConfiguration com.eaglebank.EaglebankApplication for test class com.eaglebank.EaglebankApplicationTests

  .   ____          _            __ _ _
 /\\ / ___'_ __ _ _(_)_ __  __ _ \ \ \ \
( ( )\___ | '_ | '_| | '_ \/ _` | \ \ \ \
 \\/  ___)| |_)| | | | | || (_| |  ) ) ) )
  '  |____| .__|_| |_|_| |_\__, | / / / /
 =========|_|==============|___/=/_/_/_/

 :: Spring Boot ::                (v3.5.3)

2025-07-18T05:52:48.474+01:00  INFO 41804 --- [eaglebank] [    Test worker] c.eaglebank.EaglebankApplicationTests    : Starting EaglebankApplicationTests using Java 17.0.15 with PID 41804 (started by lucianmot in /Users/lucianmot/Desktop/projects/Eagle_bank)
2025-07-18T05:52:48.475+01:00  INFO 41804 --- [eaglebank] [    Test worker] c.eaglebank.EaglebankApplicationTests    : No active profile set, falling back to 1 default profile: "default"
2025-07-18T05:52:48.676+01:00  INFO 41804 --- [eaglebank] [    Test worker] .s.d.r.c.RepositoryConfigurationDelegate : Bootstrapping Spring Data JDBC repositories in DEFAULT mode.
2025-07-18T05:52:48.689+01:00  INFO 41804 --- [eaglebank] [    Test worker] .s.d.r.c.RepositoryConfigurationDelegate : Finished Spring Data repository scanning in 10 ms. Found 0 JDBC repository interfaces.
2025-07-18T05:52:48.851+01:00  INFO 41804 --- [eaglebank] [    Test worker] com.zaxxer.hikari.HikariDataSource       : HikariPool-1 - Starting...
2025-07-18T05:52:48.918+01:00  INFO 41804 --- [eaglebank] [    Test worker] com.zaxxer.hikari.pool.HikariPool        : HikariPool-1 - Added connection org.postgresql.jdbc.PgConnection@1ddb6abb
2025-07-18T05:52:48.918+01:00  INFO 41804 --- [eaglebank] [    Test worker] com.zaxxer.hikari.HikariDataSource       : HikariPool-1 - Start completed.
2025-07-18T05:52:48.930+01:00  INFO 41804 --- [eaglebank] [    Test worker] org.flywaydb.core.FlywayExecutor         : Database: jdbc:postgresql://localhost:5432/eaglebank (PostgreSQL 16.9)
2025-07-18T05:52:48.950+01:00  INFO 41804 --- [eaglebank] [    Test worker] o.f.core.internal.command.DbValidate     : Successfully validated 1 migration (execution time 00:00.008s)
2025-07-18T05:52:48.977+01:00  INFO 41804 --- [eaglebank] [    Test worker] o.f.core.internal.command.DbMigrate      : Current version of schema "public": 1
2025-07-18T05:52:48.978+01:00  INFO 41804 --- [eaglebank] [    Test worker] o.f.core.internal.command.DbMigrate      : Schema "public" is up to date. No migration necessary.
2025-07-18T05:52:49.250+01:00  INFO 41804 --- [eaglebank] [    Test worker] c.eaglebank.EaglebankApplicationTests    : Started EaglebankApplicationTests in 0.88 seconds (process running for 3.477)
]]></system-out>
  <system-err><![CDATA[]]></system-err>
</testsuite>
