<?xml version="1.0" encoding="UTF-8"?>
<testsuite name="com.eaglebank.repository.UserRepositoryTest" tests="5" skipped="0" failures="0" errors="0" timestamp="2025-07-18T04:52:51.505Z" hostname="Mac" time="0.617">
  <properties/>
  <testcase name="findByEmail returns correct user()" classname="com.eaglebank.repository.UserRepositoryTest" time="0.008"/>
  <testcase name="findById returns null for missing user()" classname="com.eaglebank.repository.UserRepositoryTest" time="0.004"/>
  <testcase name="delete removes the user()" classname="com.eaglebank.repository.UserRepositoryTest" time="0.007"/>
  <testcase name="update changes user data()" classname="com.eaglebank.repository.UserRepositoryTest" time="0.005"/>
  <testcase name="can create and fetch by id()" classname="com.eaglebank.repository.UserRepositoryTest" time="0.006"/>
  <system-out><![CDATA[2025-07-18T05:52:51.350+01:00  INFO 41804 --- [eaglebank] [    Test worker] t.c.s.AnnotationConfigContextLoaderUtils : Could not detect default configuration classes for test class [com.eaglebank.repository.UserRepositoryTest]: UserRepositoryTest does not declare any static, non-private, non-final, nested classes annotated with @Configuration.
2025-07-18T05:52:51.351+01:00  INFO 41804 --- [eaglebank] [    Test worker] .b.t.c.SpringBootTestContextBootstrapper : Found @SpringBootConfiguration com.eaglebank.EaglebankApplication for test class com.eaglebank.repository.UserRepositoryTest

  .   ____          _            __ _ _
 /\\ / ___'_ __ _ _(_)_ __  __ _ \ \ \ \
( ( )\___ | '_ | '_| | '_ \/ _` | \ \ \ \
 \\/  ___)| |_)| | | | | || (_| |  ) ) ) )
  '  |____| .__|_| |_|_| |_\__, | / / / /
 =========|_|==============|___/=/_/_/_/

 :: Spring Boot ::                (v3.5.3)

2025-07-18T05:52:51.358+01:00  INFO 41804 --- [eaglebank] [    Test worker] c.e.repository.UserRepositoryTest        : Starting UserRepositoryTest using Java 17.0.15 with PID 41804 (started by lucianmot in /Users/lucianmot/Desktop/projects/Eagle_bank)
2025-07-18T05:52:51.358+01:00  INFO 41804 --- [eaglebank] [    Test worker] c.e.repository.UserRepositoryTest        : No active profile set, falling back to 1 default profile: "default"
2025-07-18T05:52:51.401+01:00  INFO 41804 --- [eaglebank] [    Test worker] .s.d.r.c.RepositoryConfigurationDelegate : Bootstrapping Spring Data JDBC repositories in DEFAULT mode.
2025-07-18T05:52:51.405+01:00  INFO 41804 --- [eaglebank] [    Test worker] .s.d.r.c.RepositoryConfigurationDelegate : Finished Spring Data repository scanning in 2 ms. Found 0 JDBC repository interfaces.
2025-07-18T05:52:51.424+01:00  INFO 41804 --- [eaglebank] [    Test worker] com.zaxxer.hikari.HikariDataSource       : HikariPool-13 - Starting...
2025-07-18T05:52:51.436+01:00  INFO 41804 --- [eaglebank] [    Test worker] com.zaxxer.hikari.pool.HikariPool        : HikariPool-13 - Added connection org.postgresql.jdbc.PgConnection@4e74470b
2025-07-18T05:52:51.436+01:00  INFO 41804 --- [eaglebank] [    Test worker] com.zaxxer.hikari.HikariDataSource       : HikariPool-13 - Start completed.
2025-07-18T05:52:51.437+01:00  INFO 41804 --- [eaglebank] [    Test worker] org.flywaydb.core.FlywayExecutor         : Database: jdbc:postgresql://localhost:5432/eaglebank (PostgreSQL 16.9)
2025-07-18T05:52:51.445+01:00  INFO 41804 --- [eaglebank] [    Test worker] o.f.core.internal.command.DbValidate     : Successfully validated 1 migration (execution time 00:00.003s)
2025-07-18T05:52:51.460+01:00  INFO 41804 --- [eaglebank] [    Test worker] o.f.core.internal.command.DbMigrate      : Current version of schema "public": 1
2025-07-18T05:52:51.460+01:00  INFO 41804 --- [eaglebank] [    Test worker] o.f.core.internal.command.DbMigrate      : Schema "public" is up to date. No migration necessary.
2025-07-18T05:52:51.505+01:00  INFO 41804 --- [eaglebank] [    Test worker] c.e.repository.UserRepositoryTest        : Started UserRepositoryTest in 0.153 seconds (process running for 5.732)
2025-07-18T05:52:51.513+01:00  INFO 41804 --- [eaglebank] [    Test worker] com.zaxxer.hikari.HikariDataSource       : HikariPool-13 - Shutdown initiated...
2025-07-18T05:52:51.514+01:00  INFO 41804 --- [eaglebank] [    Test worker] com.zaxxer.hikari.HikariDataSource       : HikariPool-13 - Shutdown completed.

  .   ____          _            __ _ _
 /\\ / ___'_ __ _ _(_)_ __  __ _ \ \ \ \
( ( )\___ | '_ | '_| | '_ \/ _` | \ \ \ \
 \\/  ___)| |_)| | | | | || (_| |  ) ) ) )
  '  |____| .__|_| |_|_| |_\__, | / / / /
 =========|_|==============|___/=/_/_/_/

 :: Spring Boot ::                (v3.5.3)

2025-07-18T05:52:51.524+01:00  INFO 41804 --- [eaglebank] [    Test worker] c.e.repository.UserRepositoryTest        : Starting UserRepositoryTest using Java 17.0.15 with PID 41804 (started by lucianmot in /Users/lucianmot/Desktop/projects/Eagle_bank)
2025-07-18T05:52:51.524+01:00  INFO 41804 --- [eaglebank] [    Test worker] c.e.repository.UserRepositoryTest        : No active profile set, falling back to 1 default profile: "default"
2025-07-18T05:52:51.563+01:00  INFO 41804 --- [eaglebank] [    Test worker] .s.d.r.c.RepositoryConfigurationDelegate : Bootstrapping Spring Data JDBC repositories in DEFAULT mode.
2025-07-18T05:52:51.568+01:00  INFO 41804 --- [eaglebank] [    Test worker] .s.d.r.c.RepositoryConfigurationDelegate : Finished Spring Data repository scanning in 2 ms. Found 0 JDBC repository interfaces.
2025-07-18T05:52:51.586+01:00  INFO 41804 --- [eaglebank] [    Test worker] com.zaxxer.hikari.HikariDataSource       : HikariPool-14 - Starting...
2025-07-18T05:52:51.597+01:00  INFO 41804 --- [eaglebank] [    Test worker] com.zaxxer.hikari.pool.HikariPool        : HikariPool-14 - Added connection org.postgresql.jdbc.PgConnection@5585f547
2025-07-18T05:52:51.597+01:00  INFO 41804 --- [eaglebank] [    Test worker] com.zaxxer.hikari.HikariDataSource       : HikariPool-14 - Start completed.
2025-07-18T05:52:51.598+01:00  INFO 41804 --- [eaglebank] [    Test worker] org.flywaydb.core.FlywayExecutor         : Database: jdbc:postgresql://localhost:5432/eaglebank (PostgreSQL 16.9)
2025-07-18T05:52:51.605+01:00  INFO 41804 --- [eaglebank] [    Test worker] o.f.core.internal.command.DbValidate     : Successfully validated 1 migration (execution time 00:00.002s)
2025-07-18T05:52:51.619+01:00  INFO 41804 --- [eaglebank] [    Test worker] o.f.core.internal.command.DbMigrate      : Current version of schema "public": 1
2025-07-18T05:52:51.620+01:00  INFO 41804 --- [eaglebank] [    Test worker] o.f.core.internal.command.DbMigrate      : Schema "public" is up to date. No migration necessary.
2025-07-18T05:52:51.655+01:00  INFO 41804 --- [eaglebank] [    Test worker] c.e.repository.UserRepositoryTest        : Started UserRepositoryTest in 0.139 seconds (process running for 5.882)
2025-07-18T05:52:51.659+01:00  INFO 41804 --- [eaglebank] [    Test worker] com.zaxxer.hikari.HikariDataSource       : HikariPool-14 - Shutdown initiated...
2025-07-18T05:52:51.660+01:00  INFO 41804 --- [eaglebank] [    Test worker] com.zaxxer.hikari.HikariDataSource       : HikariPool-14 - Shutdown completed.

  .   ____          _            __ _ _
 /\\ / ___'_ __ _ _(_)_ __  __ _ \ \ \ \
( ( )\___ | '_ | '_| | '_ \/ _` | \ \ \ \
 \\/  ___)| |_)| | | | | || (_| |  ) ) ) )
  '  |____| .__|_| |_|_| |_\__, | / / / /
 =========|_|==============|___/=/_/_/_/

 :: Spring Boot ::                (v3.5.3)

2025-07-18T05:52:51.665+01:00  INFO 41804 --- [eaglebank] [    Test worker] c.e.repository.UserRepositoryTest        : Starting UserRepositoryTest using Java 17.0.15 with PID 41804 (started by lucianmot in /Users/lucianmot/Desktop/projects/Eagle_bank)
2025-07-18T05:52:51.665+01:00  INFO 41804 --- [eaglebank] [    Test worker] c.e.repository.UserRepositoryTest        : No active profile set, falling back to 1 default profile: "default"
2025-07-18T05:52:51.701+01:00  INFO 41804 --- [eaglebank] [    Test worker] .s.d.r.c.RepositoryConfigurationDelegate : Bootstrapping Spring Data JDBC repositories in DEFAULT mode.
2025-07-18T05:52:51.704+01:00  INFO 41804 --- [eaglebank] [    Test worker] .s.d.r.c.RepositoryConfigurationDelegate : Finished Spring Data repository scanning in 2 ms. Found 0 JDBC repository interfaces.
2025-07-18T05:52:51.724+01:00  INFO 41804 --- [eaglebank] [    Test worker] com.zaxxer.hikari.HikariDataSource       : HikariPool-15 - Starting...
2025-07-18T05:52:51.737+01:00  INFO 41804 --- [eaglebank] [    Test worker] com.zaxxer.hikari.pool.HikariPool        : HikariPool-15 - Added connection org.postgresql.jdbc.PgConnection@18bca8c2
2025-07-18T05:52:51.737+01:00  INFO 41804 --- [eaglebank] [    Test worker] com.zaxxer.hikari.HikariDataSource       : HikariPool-15 - Start completed.
2025-07-18T05:52:51.738+01:00  INFO 41804 --- [eaglebank] [    Test worker] org.flywaydb.core.FlywayExecutor         : Database: jdbc:postgresql://localhost:5432/eaglebank (PostgreSQL 16.9)
2025-07-18T05:52:51.746+01:00  INFO 41804 --- [eaglebank] [    Test worker] o.f.core.internal.command.DbValidate     : Successfully validated 1 migration (execution time 00:00.003s)
2025-07-18T05:52:51.760+01:00  INFO 41804 --- [eaglebank] [    Test worker] o.f.core.internal.command.DbMigrate      : Current version of schema "public": 1
2025-07-18T05:52:51.760+01:00  INFO 41804 --- [eaglebank] [    Test worker] o.f.core.internal.command.DbMigrate      : Schema "public" is up to date. No migration necessary.
2025-07-18T05:52:51.799+01:00  INFO 41804 --- [eaglebank] [    Test worker] c.e.repository.UserRepositoryTest        : Started UserRepositoryTest in 0.138 seconds (process running for 6.027)
2025-07-18T05:52:51.806+01:00  INFO 41804 --- [eaglebank] [    Test worker] com.zaxxer.hikari.HikariDataSource       : HikariPool-15 - Shutdown initiated...
2025-07-18T05:52:51.806+01:00  INFO 41804 --- [eaglebank] [    Test worker] com.zaxxer.hikari.HikariDataSource       : HikariPool-15 - Shutdown completed.

  .   ____          _            __ _ _
 /\\ / ___'_ __ _ _(_)_ __  __ _ \ \ \ \
( ( )\___ | '_ | '_| | '_ \/ _` | \ \ \ \
 \\/  ___)| |_)| | | | | || (_| |  ) ) ) )
  '  |____| .__|_| |_|_| |_\__, | / / / /
 =========|_|==============|___/=/_/_/_/

 :: Spring Boot ::                (v3.5.3)

2025-07-18T05:52:51.815+01:00  INFO 41804 --- [eaglebank] [    Test worker] c.e.repository.UserRepositoryTest        : Starting UserRepositoryTest using Java 17.0.15 with PID 41804 (started by lucianmot in /Users/lucianmot/Desktop/projects/Eagle_bank)
2025-07-18T05:52:51.815+01:00  INFO 41804 --- [eaglebank] [    Test worker] c.e.repository.UserRepositoryTest        : No active profile set, falling back to 1 default profile: "default"
2025-07-18T05:52:51.856+01:00  INFO 41804 --- [eaglebank] [    Test worker] .s.d.r.c.RepositoryConfigurationDelegate : Bootstrapping Spring Data JDBC repositories in DEFAULT mode.
2025-07-18T05:52:51.859+01:00  INFO 41804 --- [eaglebank] [    Test worker] .s.d.r.c.RepositoryConfigurationDelegate : Finished Spring Data repository scanning in 2 ms. Found 0 JDBC repository interfaces.
2025-07-18T05:52:51.881+01:00  INFO 41804 --- [eaglebank] [    Test worker] com.zaxxer.hikari.HikariDataSource       : HikariPool-16 - Starting...
2025-07-18T05:52:51.891+01:00  INFO 41804 --- [eaglebank] [    Test worker] com.zaxxer.hikari.pool.HikariPool        : HikariPool-16 - Added connection org.postgresql.jdbc.PgConnection@36bf0f77
2025-07-18T05:52:51.891+01:00  INFO 41804 --- [eaglebank] [    Test worker] com.zaxxer.hikari.HikariDataSource       : HikariPool-16 - Start completed.
2025-07-18T05:52:51.892+01:00  INFO 41804 --- [eaglebank] [    Test worker] org.flywaydb.core.FlywayExecutor         : Database: jdbc:postgresql://localhost:5432/eaglebank (PostgreSQL 16.9)
2025-07-18T05:52:51.900+01:00  INFO 41804 --- [eaglebank] [    Test worker] o.f.core.internal.command.DbValidate     : Successfully validated 1 migration (execution time 00:00.002s)
2025-07-18T05:52:51.916+01:00  INFO 41804 --- [eaglebank] [    Test worker] o.f.core.internal.command.DbMigrate      : Current version of schema "public": 1
2025-07-18T05:52:51.916+01:00  INFO 41804 --- [eaglebank] [    Test worker] o.f.core.internal.command.DbMigrate      : Schema "public" is up to date. No migration necessary.
2025-07-18T05:52:51.970+01:00  INFO 41804 --- [eaglebank] [    Test worker] c.e.repository.UserRepositoryTest        : Started UserRepositoryTest in 0.162 seconds (process running for 6.197)
2025-07-18T05:52:51.975+01:00  INFO 41804 --- [eaglebank] [    Test worker] com.zaxxer.hikari.HikariDataSource       : HikariPool-16 - Shutdown initiated...
2025-07-18T05:52:51.975+01:00  INFO 41804 --- [eaglebank] [    Test worker] com.zaxxer.hikari.HikariDataSource       : HikariPool-16 - Shutdown completed.

  .   ____          _            __ _ _
 /\\ / ___'_ __ _ _(_)_ __  __ _ \ \ \ \
( ( )\___ | '_ | '_| | '_ \/ _` | \ \ \ \
 \\/  ___)| |_)| | | | | || (_| |  ) ) ) )
  '  |____| .__|_| |_|_| |_\__, | / / / /
 =========|_|==============|___/=/_/_/_/

 :: Spring Boot ::                (v3.5.3)

2025-07-18T05:52:51.981+01:00  INFO 41804 --- [eaglebank] [    Test worker] c.e.repository.UserRepositoryTest        : Starting UserRepositoryTest using Java 17.0.15 with PID 41804 (started by lucianmot in /Users/lucianmot/Desktop/projects/Eagle_bank)
2025-07-18T05:52:51.981+01:00  INFO 41804 --- [eaglebank] [    Test worker] c.e.repository.UserRepositoryTest        : No active profile set, falling back to 1 default profile: "default"
2025-07-18T05:52:52.016+01:00  INFO 41804 --- [eaglebank] [    Test worker] .s.d.r.c.RepositoryConfigurationDelegate : Bootstrapping Spring Data JDBC repositories in DEFAULT mode.
2025-07-18T05:52:52.019+01:00  INFO 41804 --- [eaglebank] [    Test worker] .s.d.r.c.RepositoryConfigurationDelegate : Finished Spring Data repository scanning in 2 ms. Found 0 JDBC repository interfaces.
2025-07-18T05:52:52.039+01:00  INFO 41804 --- [eaglebank] [    Test worker] com.zaxxer.hikari.HikariDataSource       : HikariPool-17 - Starting...
2025-07-18T05:52:52.050+01:00  INFO 41804 --- [eaglebank] [    Test worker] com.zaxxer.hikari.pool.HikariPool        : HikariPool-17 - Added connection org.postgresql.jdbc.PgConnection@210f70d0
2025-07-18T05:52:52.050+01:00  INFO 41804 --- [eaglebank] [    Test worker] com.zaxxer.hikari.HikariDataSource       : HikariPool-17 - Start completed.
2025-07-18T05:52:52.051+01:00  INFO 41804 --- [eaglebank] [    Test worker] org.flywaydb.core.FlywayExecutor         : Database: jdbc:postgresql://localhost:5432/eaglebank (PostgreSQL 16.9)
2025-07-18T05:52:52.059+01:00  INFO 41804 --- [eaglebank] [    Test worker] o.f.core.internal.command.DbValidate     : Successfully validated 1 migration (execution time 00:00.002s)
2025-07-18T05:52:52.074+01:00  INFO 41804 --- [eaglebank] [    Test worker] o.f.core.internal.command.DbMigrate      : Current version of schema "public": 1
2025-07-18T05:52:52.075+01:00  INFO 41804 --- [eaglebank] [    Test worker] o.f.core.internal.command.DbMigrate      : Schema "public" is up to date. No migration necessary.
2025-07-18T05:52:52.116+01:00  INFO 41804 --- [eaglebank] [    Test worker] c.e.repository.UserRepositoryTest        : Started UserRepositoryTest in 0.14 seconds (process running for 6.343)
2025-07-18T05:52:52.121+01:00  INFO 41804 --- [eaglebank] [    Test worker] com.zaxxer.hikari.HikariDataSource       : HikariPool-17 - Shutdown initiated...
2025-07-18T05:52:52.122+01:00  INFO 41804 --- [eaglebank] [    Test worker] com.zaxxer.hikari.HikariDataSource       : HikariPool-17 - Shutdown completed.
]]></system-out>
  <system-err><![CDATA[]]></system-err>
</testsuite>
