<?xml version="1.0" encoding="UTF-8"?>
<testsuite name="com.eaglebank.e2e.UserE2ETest" tests="1" skipped="0" failures="0" errors="0" timestamp="2025-07-18T04:52:49.625Z" hostname="Mac" time="0.004">
  <properties/>
  <testcase name="auto pass()" classname="com.eaglebank.e2e.UserE2ETest" time="0.004"/>
  <system-out><![CDATA[2025-07-18T05:52:49.285+01:00  INFO 41804 --- [eaglebank] [    Test worker] t.c.s.AnnotationConfigContextLoaderUtils : Could not detect default configuration classes for test class [com.eaglebank.e2e.UserE2ETest]: UserE2ETest does not declare any static, non-private, non-final, nested classes annotated with @Configuration.
2025-07-18T05:52:49.289+01:00  INFO 41804 --- [eaglebank] [    Test worker] .b.t.c.SpringBootTestContextBootstrapper : Found @SpringBootConfiguration com.eaglebank.EaglebankApplication for test class com.eaglebank.e2e.UserE2ETest

  .   ____          _            __ _ _
 /\\ / ___'_ __ _ _(_)_ __  __ _ \ \ \ \
( ( )\___ | '_ | '_| | '_ \/ _` | \ \ \ \
 \\/  ___)| |_)| | | | | || (_| |  ) ) ) )
  '  |____| .__|_| |_|_| |_\__, | / / / /
 =========|_|==============|___/=/_/_/_/

 :: Spring Boot ::                (v3.5.3)

2025-07-18T05:52:49.299+01:00  INFO 41804 --- [eaglebank] [    Test worker] com.eaglebank.e2e.UserE2ETest            : Starting UserE2ETest using Java 17.0.15 with PID 41804 (started by lucianmot in /Users/lucianmot/Desktop/projects/Eagle_bank)
2025-07-18T05:52:49.299+01:00  INFO 41804 --- [eaglebank] [    Test worker] com.eaglebank.e2e.UserE2ETest            : No active profile set, falling back to 1 default profile: "default"
2025-07-18T05:52:49.355+01:00  INFO 41804 --- [eaglebank] [    Test worker] .s.d.r.c.RepositoryConfigurationDelegate : Bootstrapping Spring Data JDBC repositories in DEFAULT mode.
2025-07-18T05:52:49.364+01:00  INFO 41804 --- [eaglebank] [    Test worker] .s.d.r.c.RepositoryConfigurationDelegate : Finished Spring Data repository scanning in 7 ms. Found 0 JDBC repository interfaces.
2025-07-18T05:52:49.427+01:00  INFO 41804 --- [eaglebank] [    Test worker] o.s.b.w.embedded.tomcat.TomcatWebServer  : Tomcat initialized with port 0 (http)
2025-07-18T05:52:49.431+01:00  INFO 41804 --- [eaglebank] [    Test worker] o.apache.catalina.core.StandardService   : Starting service [Tomcat]
2025-07-18T05:52:49.431+01:00  INFO 41804 --- [eaglebank] [    Test worker] o.apache.catalina.core.StandardEngine    : Starting Servlet engine: [Apache Tomcat/10.1.42]
2025-07-18T05:52:49.445+01:00  INFO 41804 --- [eaglebank] [    Test worker] o.a.c.c.C.[Tomcat].[localhost].[/]       : Initializing Spring embedded WebApplicationContext
2025-07-18T05:52:49.445+01:00  INFO 41804 --- [eaglebank] [    Test worker] w.s.c.ServletWebServerApplicationContext : Root WebApplicationContext: initialization completed in 146 ms
2025-07-18T05:52:49.473+01:00  INFO 41804 --- [eaglebank] [    Test worker] com.zaxxer.hikari.HikariDataSource       : HikariPool-2 - Starting...
2025-07-18T05:52:49.485+01:00  INFO 41804 --- [eaglebank] [    Test worker] com.zaxxer.hikari.pool.HikariPool        : HikariPool-2 - Added connection org.postgresql.jdbc.PgConnection@5cb3c9e6
2025-07-18T05:52:49.485+01:00  INFO 41804 --- [eaglebank] [    Test worker] com.zaxxer.hikari.HikariDataSource       : HikariPool-2 - Start completed.
2025-07-18T05:52:49.486+01:00  INFO 41804 --- [eaglebank] [    Test worker] org.flywaydb.core.FlywayExecutor         : Database: jdbc:postgresql://localhost:5432/eaglebank (PostgreSQL 16.9)
2025-07-18T05:52:49.495+01:00  INFO 41804 --- [eaglebank] [    Test worker] o.f.core.internal.command.DbValidate     : Successfully validated 1 migration (execution time 00:00.003s)
2025-07-18T05:52:49.510+01:00  INFO 41804 --- [eaglebank] [    Test worker] o.f.core.internal.command.DbMigrate      : Current version of schema "public": 1
2025-07-18T05:52:49.511+01:00  INFO 41804 --- [eaglebank] [    Test worker] o.f.core.internal.command.DbMigrate      : Schema "public" is up to date. No migration necessary.
2025-07-18T05:52:49.623+01:00  INFO 41804 --- [eaglebank] [    Test worker] o.s.b.w.embedded.tomcat.TomcatWebServer  : Tomcat started on port 61416 (http) with context path '/'
2025-07-18T05:52:49.625+01:00  INFO 41804 --- [eaglebank] [    Test worker] com.eaglebank.e2e.UserE2ETest            : Started UserE2ETest in 0.335 seconds (process running for 3.852)
]]></system-out>
  <system-err><![CDATA[]]></system-err>
</testsuite>
