<?xml version="1.0" encoding="UTF-8"?>
<testsuite name="com.eaglebank.service.AccountServiceTest" tests="12" skipped="0" failures="0" errors="0" timestamp="2025-07-18T04:52:47.885Z" hostname="Mac" time="0.221">
  <properties/>
  <testcase name="Then: the account is created" classname="com.eaglebank.service.AccountServiceTest" time="0.077"/>
  <testcase name="Then: throws NotFoundException" classname="com.eaglebank.service.AccountServiceTest" time="0.002"/>
  <testcase name="Then: the account is returned" classname="com.eaglebank.service.AccountServiceTest" time="0.001"/>
  <testcase name="Then: throws NotFoundException" classname="com.eaglebank.service.AccountServiceTest" time="0.001"/>
  <testcase name="Then: throws ConflictException" classname="com.eaglebank.service.AccountServiceTest" time="0.0"/>
  <testcase name="Then: the account is updated" classname="com.eaglebank.service.AccountServiceTest" time="0.001"/>
  <testcase name="Then: throws NotFoundException" classname="com.eaglebank.service.AccountServiceTest" time="0.0"/>
  <testcase name="Then: throws ConflictException" classname="com.eaglebank.service.AccountServiceTest" time="0.0"/>
  <testcase name="Then: the account is deleted" classname="com.eaglebank.service.AccountServiceTest" time="0.001"/>
  <testcase name="Then: throws NotFoundException" classname="com.eaglebank.service.AccountServiceTest" time="0.001"/>
  <testcase name="Then: throws ConflictException" classname="com.eaglebank.service.AccountServiceTest" time="0.001"/>
  <testcase name="Then: all accounts are returned" classname="com.eaglebank.service.AccountServiceTest" time="0.001"/>
  <system-out><![CDATA[05:52:47.956 [pool-1-thread-1 @coroutine#5] INFO com.eaglebank.service.AccountService -- Creating account 01234567 for user usr-123
05:52:47.997 [pool-1-thread-1 @coroutine#6] WARN com.eaglebank.service.AccountService -- User usr-123 attempted to access account 01234567 not owned by them
05:52:48.003 [pool-1-thread-1 @coroutine#7] INFO com.eaglebank.service.AccountService -- Updated account 01234567 for user usr-123
05:52:48.010 [pool-1-thread-1 @coroutine#7] WARN com.eaglebank.service.AccountService -- User usr-123 attempted to update account 01234567 not owned by them
05:52:48.016 [pool-1-thread-1 @coroutine#8] INFO com.eaglebank.service.AccountService -- Deleted account 01234567 for user usr-123
05:52:48.026 [pool-1-thread-1 @coroutine#8] WARN com.eaglebank.service.AccountService -- User usr-123 attempted to delete account 01234567 not owned by them
]]></system-out>
  <system-err><![CDATA[]]></system-err>
</testsuite>
