<?xml version="1.0" encoding="UTF-8"?>
<testsuite name="com.eaglebank.repository.TransactionRepositoryTest" tests="4" skipped="0" failures="0" errors="0" timestamp="2025-07-18T04:52:50.878Z" hostname="Mac" time="0.47">
  <properties/>
  <testcase name="findAllByAccountNumber returns all transactions for account()" classname="com.eaglebank.repository.TransactionRepositoryTest" time="0.009"/>
  <testcase name="findByIdAndAccountNumber returns null for missing transaction()" classname="com.eaglebank.repository.TransactionRepositoryTest" time="0.008"/>
  <testcase name="creating a transaction for nonexistent account should fail()" classname="com.eaglebank.repository.TransactionRepositoryTest" time="0.007"/>
  <testcase name="can create and fetch transaction by id and account()" classname="com.eaglebank.repository.TransactionRepositoryTest" time="0.009"/>
  <system-out><![CDATA[2025-07-18T05:52:50.721+01:00  INFO 41804 --- [eaglebank] [    Test worker] t.c.s.AnnotationConfigContextLoaderUtils : Could not detect default configuration classes for test class [com.eaglebank.repository.TransactionRepositoryTest]: TransactionRepositoryTest does not declare any static, non-private, non-final, nested classes annotated with @Configuration.
2025-07-18T05:52:50.722+01:00  INFO 41804 --- [eaglebank] [    Test worker] .b.t.c.SpringBootTestContextBootstrapper : Found @SpringBootConfiguration com.eaglebank.EaglebankApplication for test class com.eaglebank.repository.TransactionRepositoryTest

  .   ____          _            __ _ _
 /\\ / ___'_ __ _ _(_)_ __  __ _ \ \ \ \
( ( )\___ | '_ | '_| | '_ \/ _` | \ \ \ \
 \\/  ___)| |_)| | | | | || (_| |  ) ) ) )
  '  |____| .__|_| |_|_| |_\__, | / / / /
 =========|_|==============|___/=/_/_/_/

 :: Spring Boot ::                (v3.5.3)

2025-07-18T05:52:50.728+01:00  INFO 41804 --- [eaglebank] [    Test worker] c.e.r.TransactionRepositoryTest          : Starting TransactionRepositoryTest using Java 17.0.15 with PID 41804 (started by lucianmot in /Users/lucianmot/Desktop/projects/Eagle_bank)
2025-07-18T05:52:50.728+01:00  INFO 41804 --- [eaglebank] [    Test worker] c.e.r.TransactionRepositoryTest          : No active profile set, falling back to 1 default profile: "default"
2025-07-18T05:52:50.766+01:00  INFO 41804 --- [eaglebank] [    Test worker] .s.d.r.c.RepositoryConfigurationDelegate : Bootstrapping Spring Data JDBC repositories in DEFAULT mode.
2025-07-18T05:52:50.770+01:00  INFO 41804 --- [eaglebank] [    Test worker] .s.d.r.c.RepositoryConfigurationDelegate : Finished Spring Data repository scanning in 3 ms. Found 0 JDBC repository interfaces.
2025-07-18T05:52:50.789+01:00  INFO 41804 --- [eaglebank] [    Test worker] com.zaxxer.hikari.HikariDataSource       : HikariPool-9 - Starting...
2025-07-18T05:52:50.801+01:00  INFO 41804 --- [eaglebank] [    Test worker] com.zaxxer.hikari.pool.HikariPool        : HikariPool-9 - Added connection org.postgresql.jdbc.PgConnection@2a25dd46
2025-07-18T05:52:50.802+01:00  INFO 41804 --- [eaglebank] [    Test worker] com.zaxxer.hikari.HikariDataSource       : HikariPool-9 - Start completed.
2025-07-18T05:52:50.802+01:00  INFO 41804 --- [eaglebank] [    Test worker] org.flywaydb.core.FlywayExecutor         : Database: jdbc:postgresql://localhost:5432/eaglebank (PostgreSQL 16.9)
2025-07-18T05:52:50.811+01:00  INFO 41804 --- [eaglebank] [    Test worker] o.f.core.internal.command.DbValidate     : Successfully validated 1 migration (execution time 00:00.003s)
2025-07-18T05:52:50.829+01:00  INFO 41804 --- [eaglebank] [    Test worker] o.f.core.internal.command.DbMigrate      : Current version of schema "public": 1
2025-07-18T05:52:50.829+01:00  INFO 41804 --- [eaglebank] [    Test worker] o.f.core.internal.command.DbMigrate      : Schema "public" is up to date. No migration necessary.
2025-07-18T05:52:50.878+01:00  INFO 41804 --- [eaglebank] [    Test worker] c.e.r.TransactionRepositoryTest          : Started TransactionRepositoryTest in 0.155 seconds (process running for 5.105)
2025-07-18T05:52:50.887+01:00  INFO 41804 --- [eaglebank] [    Test worker] com.zaxxer.hikari.HikariDataSource       : HikariPool-9 - Shutdown initiated...
2025-07-18T05:52:50.888+01:00  INFO 41804 --- [eaglebank] [    Test worker] com.zaxxer.hikari.HikariDataSource       : HikariPool-9 - Shutdown completed.

  .   ____          _            __ _ _
 /\\ / ___'_ __ _ _(_)_ __  __ _ \ \ \ \
( ( )\___ | '_ | '_| | '_ \/ _` | \ \ \ \
 \\/  ___)| |_)| | | | | || (_| |  ) ) ) )
  '  |____| .__|_| |_|_| |_\__, | / / / /
 =========|_|==============|___/=/_/_/_/

 :: Spring Boot ::                (v3.5.3)

2025-07-18T05:52:50.896+01:00  INFO 41804 --- [eaglebank] [    Test worker] c.e.r.TransactionRepositoryTest          : Starting TransactionRepositoryTest using Java 17.0.15 with PID 41804 (started by lucianmot in /Users/lucianmot/Desktop/projects/Eagle_bank)
2025-07-18T05:52:50.896+01:00  INFO 41804 --- [eaglebank] [    Test worker] c.e.r.TransactionRepositoryTest          : No active profile set, falling back to 1 default profile: "default"
2025-07-18T05:52:50.933+01:00  INFO 41804 --- [eaglebank] [    Test worker] .s.d.r.c.RepositoryConfigurationDelegate : Bootstrapping Spring Data JDBC repositories in DEFAULT mode.
2025-07-18T05:52:50.937+01:00  INFO 41804 --- [eaglebank] [    Test worker] .s.d.r.c.RepositoryConfigurationDelegate : Finished Spring Data repository scanning in 3 ms. Found 0 JDBC repository interfaces.
2025-07-18T05:52:50.956+01:00  INFO 41804 --- [eaglebank] [    Test worker] com.zaxxer.hikari.HikariDataSource       : HikariPool-10 - Starting...
2025-07-18T05:52:50.968+01:00  INFO 41804 --- [eaglebank] [    Test worker] com.zaxxer.hikari.pool.HikariPool        : HikariPool-10 - Added connection org.postgresql.jdbc.PgConnection@3779b701
2025-07-18T05:52:50.968+01:00  INFO 41804 --- [eaglebank] [    Test worker] com.zaxxer.hikari.HikariDataSource       : HikariPool-10 - Start completed.
2025-07-18T05:52:50.968+01:00  INFO 41804 --- [eaglebank] [    Test worker] org.flywaydb.core.FlywayExecutor         : Database: jdbc:postgresql://localhost:5432/eaglebank (PostgreSQL 16.9)
2025-07-18T05:52:50.976+01:00  INFO 41804 --- [eaglebank] [    Test worker] o.f.core.internal.command.DbValidate     : Successfully validated 1 migration (execution time 00:00.002s)
2025-07-18T05:52:50.990+01:00  INFO 41804 --- [eaglebank] [    Test worker] o.f.core.internal.command.DbMigrate      : Current version of schema "public": 1
2025-07-18T05:52:50.990+01:00  INFO 41804 --- [eaglebank] [    Test worker] o.f.core.internal.command.DbMigrate      : Schema "public" is up to date. No migration necessary.
2025-07-18T05:52:51.028+01:00  INFO 41804 --- [eaglebank] [    Test worker] c.e.r.TransactionRepositoryTest          : Started TransactionRepositoryTest in 0.14 seconds (process running for 5.255)
2025-07-18T05:52:51.034+01:00  INFO 41804 --- [eaglebank] [    Test worker] com.zaxxer.hikari.HikariDataSource       : HikariPool-10 - Shutdown initiated...
2025-07-18T05:52:51.036+01:00  INFO 41804 --- [eaglebank] [    Test worker] com.zaxxer.hikari.HikariDataSource       : HikariPool-10 - Shutdown completed.

  .   ____          _            __ _ _
 /\\ / ___'_ __ _ _(_)_ __  __ _ \ \ \ \
( ( )\___ | '_ | '_| | '_ \/ _` | \ \ \ \
 \\/  ___)| |_)| | | | | || (_| |  ) ) ) )
  '  |____| .__|_| |_|_| |_\__, | / / / /
 =========|_|==============|___/=/_/_/_/

 :: Spring Boot ::                (v3.5.3)

2025-07-18T05:52:51.043+01:00  INFO 41804 --- [eaglebank] [    Test worker] c.e.r.TransactionRepositoryTest          : Starting TransactionRepositoryTest using Java 17.0.15 with PID 41804 (started by lucianmot in /Users/lucianmot/Desktop/projects/Eagle_bank)
2025-07-18T05:52:51.043+01:00  INFO 41804 --- [eaglebank] [    Test worker] c.e.r.TransactionRepositoryTest          : No active profile set, falling back to 1 default profile: "default"
2025-07-18T05:52:51.080+01:00  INFO 41804 --- [eaglebank] [    Test worker] .s.d.r.c.RepositoryConfigurationDelegate : Bootstrapping Spring Data JDBC repositories in DEFAULT mode.
2025-07-18T05:52:51.083+01:00  INFO 41804 --- [eaglebank] [    Test worker] .s.d.r.c.RepositoryConfigurationDelegate : Finished Spring Data repository scanning in 3 ms. Found 0 JDBC repository interfaces.
2025-07-18T05:52:51.102+01:00  INFO 41804 --- [eaglebank] [    Test worker] com.zaxxer.hikari.HikariDataSource       : HikariPool-11 - Starting...
2025-07-18T05:52:51.114+01:00  INFO 41804 --- [eaglebank] [    Test worker] com.zaxxer.hikari.pool.HikariPool        : HikariPool-11 - Added connection org.postgresql.jdbc.PgConnection@7d0a43a8
2025-07-18T05:52:51.114+01:00  INFO 41804 --- [eaglebank] [    Test worker] com.zaxxer.hikari.HikariDataSource       : HikariPool-11 - Start completed.
2025-07-18T05:52:51.115+01:00  INFO 41804 --- [eaglebank] [    Test worker] org.flywaydb.core.FlywayExecutor         : Database: jdbc:postgresql://localhost:5432/eaglebank (PostgreSQL 16.9)
2025-07-18T05:52:51.123+01:00  INFO 41804 --- [eaglebank] [    Test worker] o.f.core.internal.command.DbValidate     : Successfully validated 1 migration (execution time 00:00.002s)
2025-07-18T05:52:51.137+01:00  INFO 41804 --- [eaglebank] [    Test worker] o.f.core.internal.command.DbMigrate      : Current version of schema "public": 1
2025-07-18T05:52:51.138+01:00  INFO 41804 --- [eaglebank] [    Test worker] o.f.core.internal.command.DbMigrate      : Schema "public" is up to date. No migration necessary.
2025-07-18T05:52:51.181+01:00  INFO 41804 --- [eaglebank] [    Test worker] c.e.r.TransactionRepositoryTest          : Started TransactionRepositoryTest in 0.144 seconds (process running for 5.409)
2025-07-18T05:52:51.188+01:00  INFO 41804 --- [eaglebank] [    Test worker] com.zaxxer.hikari.HikariDataSource       : HikariPool-11 - Shutdown initiated...
2025-07-18T05:52:51.189+01:00  INFO 41804 --- [eaglebank] [    Test worker] com.zaxxer.hikari.HikariDataSource       : HikariPool-11 - Shutdown completed.

  .   ____          _            __ _ _
 /\\ / ___'_ __ _ _(_)_ __  __ _ \ \ \ \
( ( )\___ | '_ | '_| | '_ \/ _` | \ \ \ \
 \\/  ___)| |_)| | | | | || (_| |  ) ) ) )
  '  |____| .__|_| |_|_| |_\__, | / / / /
 =========|_|==============|___/=/_/_/_/

 :: Spring Boot ::                (v3.5.3)

2025-07-18T05:52:51.196+01:00  INFO 41804 --- [eaglebank] [    Test worker] c.e.r.TransactionRepositoryTest          : Starting TransactionRepositoryTest using Java 17.0.15 with PID 41804 (started by lucianmot in /Users/lucianmot/Desktop/projects/Eagle_bank)
2025-07-18T05:52:51.196+01:00  INFO 41804 --- [eaglebank] [    Test worker] c.e.r.TransactionRepositoryTest          : No active profile set, falling back to 1 default profile: "default"
2025-07-18T05:52:51.244+01:00  INFO 41804 --- [eaglebank] [    Test worker] .s.d.r.c.RepositoryConfigurationDelegate : Bootstrapping Spring Data JDBC repositories in DEFAULT mode.
2025-07-18T05:52:51.247+01:00  INFO 41804 --- [eaglebank] [    Test worker] .s.d.r.c.RepositoryConfigurationDelegate : Finished Spring Data repository scanning in 3 ms. Found 0 JDBC repository interfaces.
2025-07-18T05:52:51.266+01:00  INFO 41804 --- [eaglebank] [    Test worker] com.zaxxer.hikari.HikariDataSource       : HikariPool-12 - Starting...
2025-07-18T05:52:51.278+01:00  INFO 41804 --- [eaglebank] [    Test worker] com.zaxxer.hikari.pool.HikariPool        : HikariPool-12 - Added connection org.postgresql.jdbc.PgConnection@4ece21c9
2025-07-18T05:52:51.278+01:00  INFO 41804 --- [eaglebank] [    Test worker] com.zaxxer.hikari.HikariDataSource       : HikariPool-12 - Start completed.
2025-07-18T05:52:51.279+01:00  INFO 41804 --- [eaglebank] [    Test worker] org.flywaydb.core.FlywayExecutor         : Database: jdbc:postgresql://localhost:5432/eaglebank (PostgreSQL 16.9)
2025-07-18T05:52:51.287+01:00  INFO 41804 --- [eaglebank] [    Test worker] o.f.core.internal.command.DbValidate     : Successfully validated 1 migration (execution time 00:00.002s)
2025-07-18T05:52:51.301+01:00  INFO 41804 --- [eaglebank] [    Test worker] o.f.core.internal.command.DbMigrate      : Current version of schema "public": 1
2025-07-18T05:52:51.302+01:00  INFO 41804 --- [eaglebank] [    Test worker] o.f.core.internal.command.DbMigrate      : Schema "public" is up to date. No migration necessary.
2025-07-18T05:52:51.339+01:00  INFO 41804 --- [eaglebank] [    Test worker] c.e.r.TransactionRepositoryTest          : Started TransactionRepositoryTest in 0.15 seconds (process running for 5.567)
2025-07-18T05:52:51.348+01:00  INFO 41804 --- [eaglebank] [    Test worker] com.zaxxer.hikari.HikariDataSource       : HikariPool-12 - Shutdown initiated...
2025-07-18T05:52:51.348+01:00  INFO 41804 --- [eaglebank] [    Test worker] com.zaxxer.hikari.HikariDataSource       : HikariPool-12 - Shutdown completed.
]]></system-out>
  <system-err><![CDATA[]]></system-err>
</testsuite>
